<component name="libraryTable">
  <library name="junit">
    <CLASSES>
      <root url="jar://$PROJECT_DIR$/third_party/java/junit/junit-vintage-engine-5.3.1.jar!/" />
    </CLASSES>
    <JAVADOC />
    <SOURCES>
      <root url="jar://$PROJECT_DIR$/third_party/java/junit/junit-vintage-engine-5.3.1-sources.jar!/" />
    </SOURCES>
  </library>
</component>